<?xml version="1.0"?>
<testsuites failures="0" errors="0" tests="4">
  <testsuite name="Root Suite" timestamp="2021-11-25T22:47:56" tests="0" file="cypress/integration/Challenge/challenge.spec.js" time="0.0000" failures="0"/>
  <testsuite name="Challange automation" timestamp="2021-11-25T22:47:56" tests="4" time="16.9980" failures="0">
    <testcase name="Challange automation Find Office, Windows, Surface, Xbox, Deals, Support" time="3.9770" classname="Find Office, Windows, Surface, Xbox, Deals, Support"/>
    <testcase name="Challange automation Go to Windows" time="5.8560" classname="Go to Windows"/>
    <testcase name="Challange automation Search feature" time="1.6890" classname="Search feature"/>
    <testcase name="Challange automation Prices feature" time="4.6560" classname="Prices feature"/>
  </testsuite>
</testsuites>